<?xml version="1.0" encoding="UTF-8"?>
<testng-results ignored="0" total="2" passed="2" failed="0" skipped="0">
  <reporter-output>
  </reporter-output>
  <suite started-at="2026-02-07T19:44:02 IST" name="Default suite" finished-at="2026-02-07T19:44:02 IST" duration-ms="55">
    <groups>
    </groups>
    <test started-at="2026-02-07T19:44:02 IST" name="Default test" finished-at="2026-02-07T19:44:02 IST" duration-ms="55">
      <class name="testNG.Program01_testNG">
        <test-method is-config="true" signature="setup()[pri:0, instance:testNG.Program01_testNG@327514f]" started-at="2026-02-07T19:44:02 IST" name="setup" finished-at="2026-02-07T19:44:02 IST" duration-ms="16" status="PASS">
          <reporter-output>
          </reporter-output>
        </test-method> <!-- setup -->
        <test-method is-config="true" signature="loginapplication1()[pri:0, instance:testNG.Program01_testNG@327514f]" started-at="2026-02-07T19:44:02 IST" name="loginapplication1" finished-at="2026-02-07T19:44:02 IST" duration-ms="1" status="PASS">
          <reporter-output>
          </reporter-output>
        </test-method> <!-- loginapplication1 -->
        <test-method is-config="true" signature="enterURL()[pri:0, instance:testNG.Program01_testNG@327514f]" started-at="2026-02-07T19:44:02 IST" name="enterURL" finished-at="2026-02-07T19:44:02 IST" duration-ms="1" status="PASS">
          <reporter-output>
          </reporter-output>
        </test-method> <!-- enterURL -->
        <test-method is-config="true" signature="lounchBrowser()[pri:0, instance:testNG.Program01_testNG@327514f]" started-at="2026-02-07T19:44:02 IST" name="lounchBrowser" finished-at="2026-02-07T19:44:02 IST" duration-ms="0" status="PASS">
          <reporter-output>
          </reporter-output>
        </test-method> <!-- lounchBrowser -->
        <test-method signature="DemoTest()[pri:0, instance:testNG.Program01_testNG@327514f]" started-at="2026-02-07T19:44:02 IST" name="DemoTest" finished-at="2026-02-07T19:44:02 IST" duration-ms="9" status="PASS">
          <reporter-output>
          </reporter-output>
        </test-method> <!-- DemoTest -->
        <test-method signature="verifyFacebookLogo()[pri:0, instance:testNG.Program01_testNG@327514f]" started-at="2026-02-07T19:44:02 IST" name="verifyFacebookLogo" finished-at="2026-02-07T19:44:02 IST" duration-ms="2" status="PASS">
          <reporter-output>
          </reporter-output>
        </test-method> <!-- verifyFacebookLogo -->
        <test-method is-config="true" signature="lounchBrowser()[pri:0, instance:testNG.Program01_testNG@327514f]" started-at="2026-02-07T19:44:02 IST" name="lounchBrowser" finished-at="2026-02-07T19:44:02 IST" duration-ms="0" status="PASS">
          <reporter-output>
          </reporter-output>
        </test-method> <!-- lounchBrowser -->
        <test-method is-config="true" signature="teardown()[pri:0, instance:testNG.Program01_testNG@327514f]" started-at="2026-02-07T19:44:02 IST" name="teardown" finished-at="2026-02-07T19:44:02 IST" duration-ms="0" status="PASS">
          <reporter-output>
          </reporter-output>
        </test-method> <!-- teardown -->
      </class> <!-- testNG.Program01_testNG -->
    </test> <!-- Default test -->
  </suite> <!-- Default suite -->
</testng-results>
